{"telephone":"1009475700","tr":"Facebook","country":"EG","category":"perfume"}
      error is : ValidationError: child "fullName" fails because ["fullName" is required] 

 {"fullname":"سامي كمال","telephone":"1210963739","tr":"Facebook","country":"EG","category":"perfume"}
      error is : ValidationError: child "fullName" fails because ["fullName" is required] 

 {"fullname":"abo yassin","telephone":"1100874687","tr":"Facebook","country":"EG","category":"perfume"}
      error is : ValidationError: child "fullName" fails because ["fullName" is required] 

 {"fullname":"عصام خميس صابر","telephone":"1152700944","tr":"Facebook","country":"EG","category":"perfume"}
      error is : ValidationError: child "fullName" fails because ["fullName" is required] 

 {"fullname":"ماجد على محمود الشيخ","telephone":"1227424525","tr":"Facebook","country":"EG","category":"perfume"}
      error is : ValidationError: child "fullName" fails because ["fullName" is required] 

 {"fullname":"احمد فيصل قاضي","telephone":"10951696","tr":"Facebook","country":"EG","category":"perfume"}
      error is : ValidationError: child "fullName" fails because ["fullName" is required] 

 {"fullname":"محمد شعراوى محمد","telephone":"1223892340","tr":"Facebook","country":"EG","category":"perfume"}
      error is : ValidationError: child "fullName" fails because ["fullName" is required] 

 {"fullname":"محمد احمد محمد","telephone":"1093015676","tr":"Facebook","country":"EG","category":"perfume"}
      error is : ValidationError: child "fullName" fails because ["fullName" is required] 

 {"fullname":"mahmoud hassan","telephone":"1111133302","tr":"Facebook","country":"EG","category":"perfume"}
      error is : ValidationError: child "fullName" fails because ["fullName" is required] 

 {"fullname":"سمير","telephone":"1223495644","tr":"Facebook","country":"EG","category":"perfume"}
      error is : ValidationError: child "fullName" fails because ["fullName" is required] 

 {"fullname":"إبراهيم زينهم فهمي","telephone":"1555587474","tr":"Facebook","country":"EG","category":"perfume"}
      error is : ValidationError: child "fullName" fails because ["fullName" is required] 

 {"fullname":"محمود محمد عبد المنعم","telephone":"1120562303","tr":"Facebook","country":"EG","category":"perfume"}
      error is : ValidationError: child "fullName" fails because ["fullName" is required] 

 {"fullname":"الفاتح بدرالدين مختار","telephone":"1273549402","tr":"Facebook","country":"EG","category":"perfume"}
      error is : ValidationError: child "fullName" fails because ["fullName" is required] 

 {"fullname":"مدحت جرجس","telephone":"1228937534","tr":"Facebook","country":"EG","category":"perfume"}
      error is : ValidationError: child "fullName" fails because ["fullName" is required] 

 {"fullname":"احمد","telephone":"1116043000","tr":"Facebook","country":"EG","category":"perfume"}
      error is : ValidationError: child "fullName" fails because ["fullName" is required] 

 {"fullname":"محمد حسن","telephone":"1555666393","tr":"Facebook","country":"EG","category":"perfume"}
      error is : ValidationError: child "fullName" fails because ["fullName" is required] 

 {"fullname":"bahaa Khalil yacoub","telephone":"1224458406","tr":"Facebook","country":"EG","category":"perfume"}
      error is : ValidationError: child "fullName" fails because ["fullName" is required] 

 {"fullname":"ابراهيم الشاعر","telephone":"1272089563","tr":"Facebook","country":"EG","category":"perfume"}
      error is : ValidationError: child "fullName" fails because ["fullName" is required] 

 {"fullname":"مهندس يحيي صالح","telephone":"1111141600","tr":"Facebook","country":"EG","category":"perfume"}
      error is : ValidationError: child "fullName" fails because ["fullName" is required] 

 {"fullname":"هاني محمد نبيل السعيد حماد","telephone":"1068675969","tr":"Facebook","country":"EG","category":"perfume"}
      error is : ValidationError: child "fullName" fails because ["fullName" is required] 

 {"fullname":"محمد فؤاد","telephone":"1100295184","tr":"Facebook","country":"EG","category":"perfume"}
      error is : ValidationError: child "fullName" fails because ["fullName" is required] 

 {"fullname":"إسماعيل محمود عبد الجواد","telephone":"1154338888","tr":"Facebook","country":"EG","category":"perfume"}
      error is : ValidationError: child "fullName" fails because ["fullName" is required] 

 {"fullname":"sherif kamal","telephone":"1006811911","tr":"Facebook","country":"EG","category":"perfume"}
      error is : ValidationError: child "fullName" fails because ["fullName" is required] 

 {"fullname":"أحمد سمير حنفي","telephone":"1157530888","tr":"Facebook","country":"EG","category":"perfume"}
      error is : ValidationError: child "fullName" fails because ["fullName" is required] 

 {"fullname":"خالد عبد الوهاب","telephone":"1016775026","tr":"Facebook","country":"EG","category":"perfume"}
      error is : ValidationError: child "fullName" fails because ["fullName" is required] 

 {"fullname":"abd elraouf rabeh","telephone":"1149916675","tr":"Facebook","country":"EG","category":"perfume"}
      error is : ValidationError: child "fullName" fails because ["fullName" is required] 

 {"fullname":"ياسر الحسيني","telephone":"1115513456","tr":"Facebook","country":"EG","category":"perfume"}
      error is : ValidationError: child "fullName" fails because ["fullName" is required] 

 {"fullname":"محمد منصور القريشي","telephone":"1274475935","tr":"Facebook","country":"EG","category":"perfume"}
      error is : ValidationError: child "fullName" fails because ["fullName" is required] 

 {"fullname":"علاء شعراوی","telephone":"1020766095","tr":"Facebook","country":"EG","category":"perfume"}
      error is : ValidationError: child "fullName" fails because ["fullName" is required] 

 {"fullname":"وليدعبد الكريم","telephone":"1558749986","tr":"Facebook","country":"EG","category":"perfume"}
      error is : ValidationError: child "fullName" fails because ["fullName" is required] 

 {"fullname":"ايمن عرب","telephone":"1142519663","tr":"Facebook","country":"EG","category":"perfume"}
      error is : ValidationError: child "fullName" fails because ["fullName" is required] 

 {"fullname":"رامى محمد عطيه","telephone":"115836241","tr":"Facebook","country":"EG","category":"perfume"}
      error is : ValidationError: child "fullName" fails because ["fullName" is required] 

 {"fullname":"احمد عطيه صلاح احمد","telephone":"1018516357","tr":"Facebook","country":"EG","category":"perfume"}
      error is : ValidationError: child "fullName" fails because ["fullName" is required] 

 {"fullname":"mahmoud mohamed","telephone":"1140759070","tr":"Facebook","country":"EG","category":"perfume"}
      error is : ValidationError: child "fullName" fails because ["fullName" is required] 

 {"fullname":"جوباجوبا","telephone":"1151037793","tr":"Facebook","country":"EG","category":"perfume"}
      error is : ValidationError: child "fullName" fails because ["fullName" is required] 

 {"fullname":"محمد فاروق احمد","telephone":"1020912028","tr":"Facebook","country":"EG","category":"perfume"}
      error is : ValidationError: child "fullName" fails because ["fullName" is required] 

 {"telephone":"1009475700","tr":"Facebook","country":"EG","category":"perfume"}
      error is : ValidationError: child "fullName" fails because ["fullName" is required] 

 {"fullname":"سامي كمال","telephone":"1210963739","tr":"Facebook","country":"EG","category":"perfume"}
      error is : ValidationError: child "fullName" fails because ["fullName" is required] 

 {"fullname":"abo yassin","telephone":"1100874687","tr":"Facebook","country":"EG","category":"perfume"}
      error is : ValidationError: child "fullName" fails because ["fullName" is required] 

 {"fullname":"عصام خميس صابر","telephone":"1152700944","tr":"Facebook","country":"EG","category":"perfume"}
      error is : ValidationError: child "fullName" fails because ["fullName" is required] 

 {"fullname":"ماجد على محمود الشيخ","telephone":"1227424525","tr":"Facebook","country":"EG","category":"perfume"}
      error is : ValidationError: child "fullName" fails because ["fullName" is required] 

 {"fullname":"احمد فيصل قاضي","telephone":"10951696","tr":"Facebook","country":"EG","category":"perfume"}
      error is : ValidationError: child "fullName" fails because ["fullName" is required] 

 {"fullname":"محمد شعراوى محمد","telephone":"1223892340","tr":"Facebook","country":"EG","category":"perfume"}
      error is : ValidationError: child "fullName" fails because ["fullName" is required] 

 {"fullname":"محمد احمد محمد","telephone":"1093015676","tr":"Facebook","country":"EG","category":"perfume"}
      error is : ValidationError: child "fullName" fails because ["fullName" is required] 

 {"fullname":"mahmoud hassan","telephone":"1111133302","tr":"Facebook","country":"EG","category":"perfume"}
      error is : ValidationError: child "fullName" fails because ["fullName" is required] 

 {"fullname":"سمير","telephone":"1223495644","tr":"Facebook","country":"EG","category":"perfume"}
      error is : ValidationError: child "fullName" fails because ["fullName" is required] 

 {"fullname":"إبراهيم زينهم فهمي","telephone":"1555587474","tr":"Facebook","country":"EG","category":"perfume"}
      error is : ValidationError: child "fullName" fails because ["fullName" is required] 

 {"fullname":"محمود محمد عبد المنعم","telephone":"1120562303","tr":"Facebook","country":"EG","category":"perfume"}
      error is : ValidationError: child "fullName" fails because ["fullName" is required] 

 {"fullname":"الفاتح بدرالدين مختار","telephone":"1273549402","tr":"Facebook","country":"EG","category":"perfume"}
      error is : ValidationError: child "fullName" fails because ["fullName" is required] 

 {"fullname":"مدحت جرجس","telephone":"1228937534","tr":"Facebook","country":"EG","category":"perfume"}
      error is : ValidationError: child "fullName" fails because ["fullName" is required] 

 {"fullname":"احمد","telephone":"1116043000","tr":"Facebook","country":"EG","category":"perfume"}
      error is : ValidationError: child "fullName" fails because ["fullName" is required] 

 {"fullname":"محمد حسن","telephone":"1555666393","tr":"Facebook","country":"EG","category":"perfume"}
      error is : ValidationError: child "fullName" fails because ["fullName" is required] 

 {"fullname":"bahaa Khalil yacoub","telephone":"1224458406","tr":"Facebook","country":"EG","category":"perfume"}
      error is : ValidationError: child "fullName" fails because ["fullName" is required] 

 {"fullname":"ابراهيم الشاعر","telephone":"1272089563","tr":"Facebook","country":"EG","category":"perfume"}
      error is : ValidationError: child "fullName" fails because ["fullName" is required] 

 {"fullname":"مهندس يحيي صالح","telephone":"1111141600","tr":"Facebook","country":"EG","category":"perfume"}
      error is : ValidationError: child "fullName" fails because ["fullName" is required] 

 {"fullname":"هاني محمد نبيل السعيد حماد","telephone":"1068675969","tr":"Facebook","country":"EG","category":"perfume"}
      error is : ValidationError: child "fullName" fails because ["fullName" is required] 

 {"fullname":"محمد فؤاد","telephone":"1100295184","tr":"Facebook","country":"EG","category":"perfume"}
      error is : ValidationError: child "fullName" fails because ["fullName" is required] 

 {"fullname":"إسماعيل محمود عبد الجواد","telephone":"1154338888","tr":"Facebook","country":"EG","category":"perfume"}
      error is : ValidationError: child "fullName" fails because ["fullName" is required] 

 {"fullname":"sherif kamal","telephone":"1006811911","tr":"Facebook","country":"EG","category":"perfume"}
      error is : ValidationError: child "fullName" fails because ["fullName" is required] 

 {"fullname":"أحمد سمير حنفي","telephone":"1157530888","tr":"Facebook","country":"EG","category":"perfume"}
      error is : ValidationError: child "fullName" fails because ["fullName" is required] 

 {"fullname":"خالد عبد الوهاب","telephone":"1016775026","tr":"Facebook","country":"EG","category":"perfume"}
      error is : ValidationError: child "fullName" fails because ["fullName" is required] 

 {"fullname":"abd elraouf rabeh","telephone":"1149916675","tr":"Facebook","country":"EG","category":"perfume"}
      error is : ValidationError: child "fullName" fails because ["fullName" is required] 

 {"fullname":"ياسر الحسيني","telephone":"1115513456","tr":"Facebook","country":"EG","category":"perfume"}
      error is : ValidationError: child "fullName" fails because ["fullName" is required] 

 {"fullname":"محمد منصور القريشي","telephone":"1274475935","tr":"Facebook","country":"EG","category":"perfume"}
      error is : ValidationError: child "fullName" fails because ["fullName" is required] 

 {"fullname":"علاء شعراوی","telephone":"1020766095","tr":"Facebook","country":"EG","category":"perfume"}
      error is : ValidationError: child "fullName" fails because ["fullName" is required] 

 {"fullname":"وليدعبد الكريم","telephone":"1558749986","tr":"Facebook","country":"EG","category":"perfume"}
      error is : ValidationError: child "fullName" fails because ["fullName" is required] 

 {"fullname":"ايمن عرب","telephone":"1142519663","tr":"Facebook","country":"EG","category":"perfume"}
      error is : ValidationError: child "fullName" fails because ["fullName" is required] 

 {"fullname":"رامى محمد عطيه","telephone":"115836241","tr":"Facebook","country":"EG","category":"perfume"}
      error is : ValidationError: child "fullName" fails because ["fullName" is required] 

 {"fullname":"احمد عطيه صلاح احمد","telephone":"1018516357","tr":"Facebook","country":"EG","category":"perfume"}
      error is : ValidationError: child "fullName" fails because ["fullName" is required] 

 {"fullname":"mahmoud mohamed","telephone":"1140759070","tr":"Facebook","country":"EG","category":"perfume"}
      error is : ValidationError: child "fullName" fails because ["fullName" is required] 

 {"fullname":"جوباجوبا","telephone":"1151037793","tr":"Facebook","country":"EG","category":"perfume"}
      error is : ValidationError: child "fullName" fails because ["fullName" is required] 

 {"fullname":"محمد فاروق احمد","telephone":"1020912028","tr":"Facebook","country":"EG","category":"perfume"}
      error is : ValidationError: child "fullName" fails because ["fullName" is required] 

 {"telephone":"1009475700","tr":"Facebook","country":"EG","category":"perfume"}
      error is : ValidationError: child "fullName" fails because ["fullName" is required] 

 {"fullname":"سامي كمال","telephone":"1210963739","tr":"Facebook","country":"EG","category":"perfume"}
      error is : ValidationError: child "fullName" fails because ["fullName" is required] 

 {"fullname":"abo yassin","telephone":"1100874687","tr":"Facebook","country":"EG","category":"perfume"}
      error is : ValidationError: child "fullName" fails because ["fullName" is required] 

 {"fullname":"عصام خميس صابر","telephone":"1152700944","tr":"Facebook","country":"EG","category":"perfume"}
      error is : ValidationError: child "fullName" fails because ["fullName" is required] 

 {"fullname":"ماجد على محمود الشيخ","telephone":"1227424525","tr":"Facebook","country":"EG","category":"perfume"}
      error is : ValidationError: child "fullName" fails because ["fullName" is required] 

 {"fullname":"احمد فيصل قاضي","telephone":"10951696","tr":"Facebook","country":"EG","category":"perfume"}
      error is : ValidationError: child "fullName" fails because ["fullName" is required] 

 {"fullname":"محمد شعراوى محمد","telephone":"1223892340","tr":"Facebook","country":"EG","category":"perfume"}
      error is : ValidationError: child "fullName" fails because ["fullName" is required] 

 {"fullname":"محمد احمد محمد","telephone":"1093015676","tr":"Facebook","country":"EG","category":"perfume"}
      error is : ValidationError: child "fullName" fails because ["fullName" is required] 

 {"fullname":"mahmoud hassan","telephone":"1111133302","tr":"Facebook","country":"EG","category":"perfume"}
      error is : ValidationError: child "fullName" fails because ["fullName" is required] 

 {"fullname":"سمير","telephone":"1223495644","tr":"Facebook","country":"EG","category":"perfume"}
      error is : ValidationError: child "fullName" fails because ["fullName" is required] 

 {"fullname":"إبراهيم زينهم فهمي","telephone":"1555587474","tr":"Facebook","country":"EG","category":"perfume"}
      error is : ValidationError: child "fullName" fails because ["fullName" is required] 

 {"fullname":"محمود محمد عبد المنعم","telephone":"1120562303","tr":"Facebook","country":"EG","category":"perfume"}
      error is : ValidationError: child "fullName" fails because ["fullName" is required] 

 {"fullname":"الفاتح بدرالدين مختار","telephone":"1273549402","tr":"Facebook","country":"EG","category":"perfume"}
      error is : ValidationError: child "fullName" fails because ["fullName" is required] 

 {"fullname":"مدحت جرجس","telephone":"1228937534","tr":"Facebook","country":"EG","category":"perfume"}
      error is : ValidationError: child "fullName" fails because ["fullName" is required] 

 {"fullname":"احمد","telephone":"1116043000","tr":"Facebook","country":"EG","category":"perfume"}
      error is : ValidationError: child "fullName" fails because ["fullName" is required] 

 {"fullname":"محمد حسن","telephone":"1555666393","tr":"Facebook","country":"EG","category":"perfume"}
      error is : ValidationError: child "fullName" fails because ["fullName" is required] 

 {"fullname":"bahaa Khalil yacoub","telephone":"1224458406","tr":"Facebook","country":"EG","category":"perfume"}
      error is : ValidationError: child "fullName" fails because ["fullName" is required] 

 {"fullname":"ابراهيم الشاعر","telephone":"1272089563","tr":"Facebook","country":"EG","category":"perfume"}
      error is : ValidationError: child "fullName" fails because ["fullName" is required] 

 {"fullname":"مهندس يحيي صالح","telephone":"1111141600","tr":"Facebook","country":"EG","category":"perfume"}
      error is : ValidationError: child "fullName" fails because ["fullName" is required] 

 {"fullname":"هاني محمد نبيل السعيد حماد","telephone":"1068675969","tr":"Facebook","country":"EG","category":"perfume"}
      error is : ValidationError: child "fullName" fails because ["fullName" is required] 

 {"fullname":"محمد فؤاد","telephone":"1100295184","tr":"Facebook","country":"EG","category":"perfume"}
      error is : ValidationError: child "fullName" fails because ["fullName" is required] 

 {"fullname":"إسماعيل محمود عبد الجواد","telephone":"1154338888","tr":"Facebook","country":"EG","category":"perfume"}
      error is : ValidationError: child "fullName" fails because ["fullName" is required] 

 {"fullname":"sherif kamal","telephone":"1006811911","tr":"Facebook","country":"EG","category":"perfume"}
      error is : ValidationError: child "fullName" fails because ["fullName" is required] 

 {"fullname":"أحمد سمير حنفي","telephone":"1157530888","tr":"Facebook","country":"EG","category":"perfume"}
      error is : ValidationError: child "fullName" fails because ["fullName" is required] 

 {"fullname":"خالد عبد الوهاب","telephone":"1016775026","tr":"Facebook","country":"EG","category":"perfume"}
      error is : ValidationError: child "fullName" fails because ["fullName" is required] 

 {"fullname":"abd elraouf rabeh","telephone":"1149916675","tr":"Facebook","country":"EG","category":"perfume"}
      error is : ValidationError: child "fullName" fails because ["fullName" is required] 

 {"fullname":"ياسر الحسيني","telephone":"1115513456","tr":"Facebook","country":"EG","category":"perfume"}
      error is : ValidationError: child "fullName" fails because ["fullName" is required] 

 {"fullname":"محمد منصور القريشي","telephone":"1274475935","tr":"Facebook","country":"EG","category":"perfume"}
      error is : ValidationError: child "fullName" fails because ["fullName" is required] 

 {"fullname":"علاء شعراوی","telephone":"1020766095","tr":"Facebook","country":"EG","category":"perfume"}
      error is : ValidationError: child "fullName" fails because ["fullName" is required] 

 {"fullname":"وليدعبد الكريم","telephone":"1558749986","tr":"Facebook","country":"EG","category":"perfume"}
      error is : ValidationError: child "fullName" fails because ["fullName" is required] 

 {"fullname":"ايمن عرب","telephone":"1142519663","tr":"Facebook","country":"EG","category":"perfume"}
      error is : ValidationError: child "fullName" fails because ["fullName" is required] 

 {"fullname":"رامى محمد عطيه","telephone":"115836241","tr":"Facebook","country":"EG","category":"perfume"}
      error is : ValidationError: child "fullName" fails because ["fullName" is required] 

 {"fullname":"احمد عطيه صلاح احمد","telephone":"1018516357","tr":"Facebook","country":"EG","category":"perfume"}
      error is : ValidationError: child "fullName" fails because ["fullName" is required] 

 {"fullname":"mahmoud mohamed","telephone":"1140759070","tr":"Facebook","country":"EG","category":"perfume"}
      error is : ValidationError: child "fullName" fails because ["fullName" is required] 

 {"fullname":"جوباجوبا","telephone":"1151037793","tr":"Facebook","country":"EG","category":"perfume"}
      error is : ValidationError: child "fullName" fails because ["fullName" is required] 

 {"fullname":"محمد فاروق احمد","telephone":"1020912028","tr":"Facebook","country":"EG","category":"perfume"}
      error is : ValidationError: child "fullName" fails because ["fullName" is required] 

 {"telephone":"1009475700","tr":"Facebook","country":"EG","category":"perfume"}
      error is : ValidationError: child "fullName" fails because ["fullName" is required] 

 {"telephone":"1009475700","tr":"Facebook","country":"EG","category":"perfume"}
      error is : ValidationError: child "fullName" fails because ["fullName" is required] 

 {"telephone":"1009475700","tr":"Facebook","country":"EG","category":"perfume"}
      error is : ValidationError: child "fullName" fails because ["fullName" is required] 

 